[2016-06-25 12:34:29] lumen.ERROR: Symfony\Component\Debug\Exception\FatalErrorException: Uncaught ErrorException: Undefined index: REQUEST_METHOD in /data/test/lumen-swoole-http/vendor/laravel/lumen-framework/src/Concerns/RoutesRequests.php:668
Stack trace:
#0 /data/test/lumen-swoole-http/vendor/laravel/lumen-framework/src/Concerns/RoutesRequests.php(668): Laravel\Lumen\Application->Laravel\Lumen\Concerns\{closure}(8, 'Undefined index...', '/data/test/lume...', 668, Array)
#1 /data/test/lumen-swoole-http/vendor/laravel/lumen-framework/src/Concerns/RoutesRequests.php(411): Laravel\Lumen\Application->getMethod()
#2 /data/test/lumen-swoole-http/vendor/laravel/lumen-framework/src/Concerns/RoutesRequests.php(378): Laravel\Lumen\Application->parseIncomingRequest(NULL)
#3 /data/test/lumen-swoole-http/vendor/laravel/lumen-framework/src/Concerns/RoutesRequests.php(334): Laravel\Lumen\Application->dispatch(NULL)
#4 /data/test/lumen-swoole-http/src/Server.php(22): Laravel\Lumen\Application->run()
#5 [internal function]: LumenSwooleHttp\Server->LumenSwooleHttp\{closure}(Object(swoole_http_request), Object(sw in /data/test/lumen-swoole-http/vendor/laravel/lumen-framework/src/Concerns/RoutesRequests.php:668
Stack trace:
#0 /data/test/lumen-swoole-http/vendor/laravel/lumen-framework/src/Concerns/RegistersExceptionHandlers.php(55): Laravel\Lumen\Application->handleShutdown()
#1 [internal function]: Laravel\Lumen\Application->Laravel\Lumen\Concerns\{closure}()
#2 {main}  
[2016-06-25 12:41:58] lumen.ERROR: Symfony\Component\Debug\Exception\FatalErrorException: Uncaught ErrorException: Undefined index: REQUEST_METHOD in /data/test/lumen-swoole-http/vendor/laravel/lumen-framework/src/Concerns/RoutesRequests.php:668
Stack trace:
#0 /data/test/lumen-swoole-http/vendor/laravel/lumen-framework/src/Concerns/RoutesRequests.php(668): Laravel\Lumen\Application->Laravel\Lumen\Concerns\{closure}(8, 'Undefined index...', '/data/test/lume...', 668, Array)
#1 /data/test/lumen-swoole-http/vendor/laravel/lumen-framework/src/Concerns/RoutesRequests.php(411): Laravel\Lumen\Application->getMethod()
#2 /data/test/lumen-swoole-http/vendor/laravel/lumen-framework/src/Concerns/RoutesRequests.php(378): Laravel\Lumen\Application->parseIncomingRequest(NULL)
#3 /data/test/lumen-swoole-http/vendor/laravel/lumen-framework/src/Concerns/RoutesRequests.php(334): Laravel\Lumen\Application->dispatch(NULL)
#4 /data/test/lumen-swoole-http/src/Server.php(44): Laravel\Lumen\Application->run()
#5 [internal function]: LumenSwooleHttp\Server->LumenSwooleHttp\{closure}(Object(swoole_http_request), Object(sw in /data/test/lumen-swoole-http/vendor/laravel/lumen-framework/src/Concerns/RoutesRequests.php:668
Stack trace:
#0 /data/test/lumen-swoole-http/vendor/laravel/lumen-framework/src/Concerns/RegistersExceptionHandlers.php(55): Laravel\Lumen\Application->handleShutdown()
#1 [internal function]: Laravel\Lumen\Application->Laravel\Lumen\Concerns\{closure}()
#2 {main}  
[2016-06-25 12:42:15] lumen.ERROR: Symfony\Component\HttpKernel\Exception\NotFoundHttpException in /data/test/lumen-swoole-http/vendor/laravel/lumen-framework/src/Concerns/RoutesRequests.php:450
Stack trace:
#0 /data/test/lumen-swoole-http/vendor/laravel/lumen-framework/src/Concerns/RoutesRequests.php(387): Laravel\Lumen\Application->handleDispatcherResponse(Array)
#1 /data/test/lumen-swoole-http/vendor/laravel/lumen-framework/src/Concerns/RoutesRequests.php(636): Laravel\Lumen\Application->Laravel\Lumen\Concerns\{closure}()
#2 /data/test/lumen-swoole-http/vendor/laravel/lumen-framework/src/Concerns/RoutesRequests.php(389): Laravel\Lumen\Application->sendThroughPipeline(Array, Object(Closure))
#3 /data/test/lumen-swoole-http/vendor/laravel/lumen-framework/src/Concerns/RoutesRequests.php(334): Laravel\Lumen\Application->dispatch(Object(Illuminate\Http\Request))
#4 /data/test/lumen-swoole-http/src/Server.php(44): Laravel\Lumen\Application->run(Object(Illuminate\Http\Request))
#5 [internal function]: LumenSwooleHttp\Server->LumenSwooleHttp\{closure}(Object(swoole_http_request), Object(swoole_http_response))
#6 /data/test/lumen-swoole-http/src/Server.php(46): swoole_http_server->start()
#7 /data/test/lumen-swoole-http/example/base.php(19): LumenSwooleHttp\Server->run()
#8 {main}  
[2016-06-25 12:42:16] lumen.ERROR: Symfony\Component\HttpKernel\Exception\NotFoundHttpException in /data/test/lumen-swoole-http/vendor/laravel/lumen-framework/src/Concerns/RoutesRequests.php:450
Stack trace:
#0 /data/test/lumen-swoole-http/vendor/laravel/lumen-framework/src/Concerns/RoutesRequests.php(387): Laravel\Lumen\Application->handleDispatcherResponse(Array)
#1 /data/test/lumen-swoole-http/vendor/laravel/lumen-framework/src/Concerns/RoutesRequests.php(636): Laravel\Lumen\Application->Laravel\Lumen\Concerns\{closure}()
#2 /data/test/lumen-swoole-http/vendor/laravel/lumen-framework/src/Concerns/RoutesRequests.php(389): Laravel\Lumen\Application->sendThroughPipeline(Array, Object(Closure))
#3 /data/test/lumen-swoole-http/vendor/laravel/lumen-framework/src/Concerns/RoutesRequests.php(334): Laravel\Lumen\Application->dispatch(Object(Illuminate\Http\Request))
#4 /data/test/lumen-swoole-http/src/Server.php(44): Laravel\Lumen\Application->run(Object(Illuminate\Http\Request))
#5 [internal function]: LumenSwooleHttp\Server->LumenSwooleHttp\{closure}(Object(swoole_http_request), Object(swoole_http_response))
#6 /data/test/lumen-swoole-http/src/Server.php(46): swoole_http_server->start()
#7 /data/test/lumen-swoole-http/example/base.php(19): LumenSwooleHttp\Server->run()
#8 {main}  
[2016-06-25 12:48:39] lumen.ERROR: Symfony\Component\HttpKernel\Exception\NotFoundHttpException in /data/test/lumen-swoole-http/vendor/laravel/lumen-framework/src/Concerns/RoutesRequests.php:450
Stack trace:
#0 /data/test/lumen-swoole-http/vendor/laravel/lumen-framework/src/Concerns/RoutesRequests.php(387): Laravel\Lumen\Application->handleDispatcherResponse(Array)
#1 /data/test/lumen-swoole-http/vendor/laravel/lumen-framework/src/Concerns/RoutesRequests.php(636): Laravel\Lumen\Application->Laravel\Lumen\Concerns\{closure}()
#2 /data/test/lumen-swoole-http/vendor/laravel/lumen-framework/src/Concerns/RoutesRequests.php(389): Laravel\Lumen\Application->sendThroughPipeline(Array, Object(Closure))
#3 /data/test/lumen-swoole-http/vendor/laravel/lumen-framework/src/Concerns/RoutesRequests.php(334): Laravel\Lumen\Application->dispatch(Object(Illuminate\Http\Request))
#4 /data/test/lumen-swoole-http/src/Server.php(33): Laravel\Lumen\Application->run(Object(Illuminate\Http\Request))
#5 [internal function]: LumenSwooleHttp\Server->LumenSwooleHttp\{closure}(Object(swoole_http_request), Object(swoole_http_response))
#6 /data/test/lumen-swoole-http/src/Server.php(35): swoole_http_server->start()
#7 /data/test/lumen-swoole-http/example/base.php(19): LumenSwooleHttp\Server->run()
#8 {main}  
[2016-06-25 12:48:40] lumen.ERROR: Symfony\Component\HttpKernel\Exception\NotFoundHttpException in /data/test/lumen-swoole-http/vendor/laravel/lumen-framework/src/Concerns/RoutesRequests.php:450
Stack trace:
#0 /data/test/lumen-swoole-http/vendor/laravel/lumen-framework/src/Concerns/RoutesRequests.php(387): Laravel\Lumen\Application->handleDispatcherResponse(Array)
#1 /data/test/lumen-swoole-http/vendor/laravel/lumen-framework/src/Concerns/RoutesRequests.php(636): Laravel\Lumen\Application->Laravel\Lumen\Concerns\{closure}()
#2 /data/test/lumen-swoole-http/vendor/laravel/lumen-framework/src/Concerns/RoutesRequests.php(389): Laravel\Lumen\Application->sendThroughPipeline(Array, Object(Closure))
#3 /data/test/lumen-swoole-http/vendor/laravel/lumen-framework/src/Concerns/RoutesRequests.php(334): Laravel\Lumen\Application->dispatch(Object(Illuminate\Http\Request))
#4 /data/test/lumen-swoole-http/src/Server.php(33): Laravel\Lumen\Application->run(Object(Illuminate\Http\Request))
#5 [internal function]: LumenSwooleHttp\Server->LumenSwooleHttp\{closure}(Object(swoole_http_request), Object(swoole_http_response))
#6 /data/test/lumen-swoole-http/src/Server.php(35): swoole_http_server->start()
#7 /data/test/lumen-swoole-http/example/base.php(19): LumenSwooleHttp\Server->run()
#8 {main}  
[2016-06-25 12:49:11] lumen.ERROR: Symfony\Component\HttpKernel\Exception\NotFoundHttpException in /data/test/lumen-swoole-http/vendor/laravel/lumen-framework/src/Concerns/RoutesRequests.php:450
Stack trace:
#0 /data/test/lumen-swoole-http/vendor/laravel/lumen-framework/src/Concerns/RoutesRequests.php(387): Laravel\Lumen\Application->handleDispatcherResponse(Array)
#1 /data/test/lumen-swoole-http/vendor/laravel/lumen-framework/src/Concerns/RoutesRequests.php(636): Laravel\Lumen\Application->Laravel\Lumen\Concerns\{closure}()
#2 /data/test/lumen-swoole-http/vendor/laravel/lumen-framework/src/Concerns/RoutesRequests.php(389): Laravel\Lumen\Application->sendThroughPipeline(Array, Object(Closure))
#3 /data/test/lumen-swoole-http/vendor/laravel/lumen-framework/src/Concerns/RoutesRequests.php(334): Laravel\Lumen\Application->dispatch(Object(Illuminate\Http\Request))
#4 /data/test/lumen-swoole-http/src/Server.php(34): Laravel\Lumen\Application->run(Object(Illuminate\Http\Request))
#5 [internal function]: LumenSwooleHttp\Server->LumenSwooleHttp\{closure}(Object(swoole_http_request), Object(swoole_http_response))
#6 /data/test/lumen-swoole-http/src/Server.php(36): swoole_http_server->start()
#7 /data/test/lumen-swoole-http/example/base.php(19): LumenSwooleHttp\Server->run()
#8 {main}  
